{
  "RSpec": {
    "coverage": {
      "/lemontech_events/app/models/user.rb": [
        1,
        1,
        1,
        1,
        1,
        null,
        1,
        null,
        null,
        1,
        null,
        1,
        4,
        null,
        null,
        null,
        null,
        null
      ],
      "/lemontech_events/app/models/application_record.rb": [
        1,
        1,
        null
      ],
      "/lemontech_events/app/helpers/events_helper.rb": [
        1,
        1,
        3,
        null,
        2,
        null,
        null,
        1,
        4,
        null,
        null,
        1,
        4,
        null,
        null
      ],
      "/lemontech_events/app/helpers/application_helper.rb": [
        1,
        null
      ],
      "/lemontech_events/app/channels/application_cable/channel.rb": [
        1,
        1,
        null,
        null
      ],
      "/lemontech_events/app/channels/application_cable/connection.rb": [
        1,
        1,
        null,
        null
      ],
      "/lemontech_events/app/controllers/events_controller.rb": [
        1,
        1,
        1,
        null,
        null,
        1,
        4,
        4,
        null,
        4,
        4,
        4,
        4,
        null,
        null,
        null,
        null,
        1,
        null,
        null,
        null,
        1,
        3,
        null,
        null,
        null,
        1,
        3,
        3,
        null,
        null,
        null,
        1,
        3,
        3,
        3,
        4,
        2,
        null,
        2,
        1,
        null,
        null,
        null,
        null,
        null,
        1,
        3,
        3,
        4,
        2,
        null,
        2,
        1,
        null,
        null,
        null,
        null,
        null,
        1,
        1,
        1,
        2,
        1,
        null,
        null,
        null,
        1,
        null,
        1,
        6,
        null,
        null,
        1,
        11,
        11,
        null,
        null
      ],
      "/lemontech_events/app/controllers/application_controller.rb": [
        1,
        1,
        4,
        null,
        null
      ],
      "/lemontech_events/app/controllers/users/registrations_controller.rb": [
        null,
        1,
        1,
        null,
        1,
        5,
        3,
        3,
        3,
        3,
        3,
        3,
        null,
        null,
        null,
        null
      ],
      "/lemontech_events/app/jobs/application_job.rb": [
        1,
        null
      ],
      "/lemontech_events/app/mailers/application_mailer.rb": [
        1,
        1,
        1,
        null
      ],
      "/lemontech_events/app/mailers/test_mailer.rb": [
        1,
        1,
        2,
        null,
        null
      ],
      "/lemontech_events/app/models/event.rb": [
        1,
        1,
        null,
        1,
        null,
        1,
        1,
        1,
        1,
        1,
        1,
        null,
        1,
        30,
        null,
        null,
        1,
        1,
        null,
        null
      ]
    },
    "timestamp": 1719197678
  }
}
