{
  "RSpec": {
    "coverage": {
      "/lemontech_events/app/models/user.rb": [
        1,
        null,
        null,
        1,
        null,
        null,
        null,
        1,
        null,
        1,
        4,
        null,
        null,
        null,
        null
      ],
      "/lemontech_events/app/models/application_record.rb": [
        1,
        1,
        null
      ],
      "/lemontech_events/app/helpers/application_helper.rb": [
        1,
        null
      ],
      "/lemontech_events/app/helpers/events_helper.rb": [
        1,
        1,
        0,
        0,
        0,
        null,
        null,
        1,
        0,
        null,
        0,
        null,
        null
      ],
      "/lemontech_events/app/controllers/events_controller.rb": [
        1,
        1,
        1,
        null,
        null,
        1,
        4,
        4,
        null,
        4,
        4,
        4,
        4,
        null,
        null,
        null,
        null,
        1,
        null,
        null,
        null,
        1,
        0,
        null,
        null,
        null,
        1,
        0,
        0,
        null,
        null,
        null,
        1,
        1,
        null,
        1,
        1,
        2,
        1,
        null,
        0,
        0,
        null,
        null,
        null,
        null,
        null,
        1,
        1,
        1,
        2,
        1,
        null,
        0,
        0,
        null,
        null,
        null,
        null,
        null,
        1,
        1,
        null,
        1,
        2,
        1,
        null,
        null,
        null,
        1,
        null,
        1,
        2,
        null,
        null,
        1,
        6,
        6,
        null,
        null,
        1,
        4,
        null,
        null,
        1,
        4,
        null,
        null
      ],
      "/lemontech_events/app/controllers/application_controller.rb": [
        1,
        null,
        1,
        3,
        null,
        null
      ],
      "/lemontech_events/app/models/event.rb": [
        1,
        1,
        null,
        1,
        1,
        1,
        1,
        1,
        1,
        null,
        1,
        null,
        1,
        30,
        null,
        null,
        1,
        0,
        null,
        null,
        null
      ],
      "/lemontech_events/app/channels/application_cable/channel.rb": [
        0,
        0,
        0,
        0
      ],
      "/lemontech_events/app/channels/application_cable/connection.rb": [
        0,
        0,
        0,
        0
      ],
      "/lemontech_events/app/jobs/application_job.rb": [
        0,
        0,
        0,
        0,
        0,
        0,
        0
      ],
      "/lemontech_events/app/mailers/application_mailer.rb": [
        0,
        0,
        0,
        0
      ]
    },
    "timestamp": 1719047418
  }
}
